<?xml version="1.0" encoding="UTF-8"?>
<!-- Generated by org.testng.reporters.JUnitXMLReporter -->
<testsuite hostname="VDDP03C-8FA4145" name="Test 2" tests="1" failures="1" timestamp="28 Oct 2017 19:56:15 GMT" time="12.385" errors="0">
  <testcase name="basePageNavigation" time="4.822" classname="SeleniumTests.ValidateTitle">
    <failure type="junit.framework.ComparisonFailure" message="expected:&amp;lt;...ES&amp;gt; but was:&amp;lt;...&amp;gt;">
      <![CDATA[junit.framework.ComparisonFailure: expected:<...ES> but was:<...>
	at junit.framework.Assert.assertEquals(Assert.java:81)
	at junit.framework.Assert.assertEquals(Assert.java:87)
	at SeleniumTests.ValidateTitle.basePageNavigation(ValidateTitle.java:39)
... Removed 24 stack frames]]>
    </failure>
  </testcase> <!-- basePageNavigation -->
</testsuite> <!-- Test 2 -->
