<?xml version="1.0" encoding="UTF-8"?>
<!-- Generated by org.testng.reporters.JUnitXMLReporter -->
<testsuite hostname="VDDP03C-8FA4145" name="Test" tests="4" failures="0" timestamp="28 Oct 2017 18:44:01 GMT" time="39.932" errors="0">
  <testcase name="basePageNavigation" time="0.171" classname="SeleniumTests.ValidateNavigationBar"/>
  <testcase name="basePageNavigation" time="4.337" classname="SeleniumTests.ValidateTitle"/>
  <testcase name="basePageNavigation" time="8.456" classname="SeleniumTests.ValidateHomePage"/>
  <testcase name="basePageNavigation" time="9.085" classname="SeleniumTests.ValidateHomePage"/>
</testsuite> <!-- Test -->
