<?xml version="1.0" encoding="UTF-8"?>
<!-- Generated by org.testng.reporters.JUnitXMLReporter -->
<testsuite hostname="VDDP03C-8FA4145" name="Test" tests="4" failures="0" timestamp="28 Oct 2017 18:50:54 GMT" time="50.489" errors="0">
  <testcase name="basePageNavigation" time="0.153" classname="SeleniumTests.ValidateNavigationBar"/>
  <testcase name="basePageNavigation" time="5.377" classname="SeleniumTests.ValidateTitle"/>
  <testcase name="basePageNavigation" time="18.358" classname="SeleniumTests.ValidateHomePage"/>
  <testcase name="basePageNavigation" time="9.888" classname="SeleniumTests.ValidateHomePage"/>
</testsuite> <!-- Test -->
